[2023-07-31 18:42:11,035: INFO: common: yaml file: config\config.yaml loaded successfully]
[2023-07-31 18:42:11,042: INFO: common: yaml file: params.yaml loaded successfully]
[2023-07-31 18:44:55,310: INFO: common: yaml file: config\config.yaml loaded successfully]
[2023-07-31 18:44:55,318: INFO: common: yaml file: params.yaml loaded successfully]
[2023-07-31 18:44:55,325: INFO: common: yaml file: schema.yaml loaded successfully]
[2023-07-31 18:44:55,335: INFO: common: created directory at: artifacts]
[2023-07-31 18:44:55,336: INFO: common: created directory at: artifacts/data_ingestion]
[2023-07-31 18:44:59,193: INFO: 3423997208: artifacts/data_ingestion/data.zip download! with following info: 
Connection: close
Content-Length: 23329
Cache-Control: max-age=300
Content-Security-Policy: default-src 'none'; style-src 'unsafe-inline'; sandbox
Content-Type: application/zip
ETag: "c69888a4ae59bc5a893392785a938ccd4937981c06ba8a9d6a21aa52b4ab5b6e"
Strict-Transport-Security: max-age=31536000
X-Content-Type-Options: nosniff
X-Frame-Options: deny
X-XSS-Protection: 1; mode=block
X-GitHub-Request-Id: 4A24:2342:2922A:39887:64C7D6F9
Accept-Ranges: bytes
Date: Mon, 31 Jul 2023 15:44:57 GMT
Via: 1.1 varnish
X-Served-By: cache-jnb7027-JNB
X-Cache: MISS
X-Cache-Hits: 0
X-Timer: S1690818297.446732,VS0,VE483
Vary: Authorization,Accept-Encoding,Origin
Access-Control-Allow-Origin: *
Cross-Origin-Resource-Policy: cross-origin
X-Fastly-Request-ID: 52c11ff2d2ab530f5664c992a299c33b3daba8bc
Expires: Mon, 31 Jul 2023 15:49:57 GMT
Source-Age: 0

]
[2023-07-31 18:53:58,162: INFO: main: >>>>>> stage Data Ingestion stage started <<<<<<]
[2023-07-31 18:53:58,163: INFO: common: yaml file: config\config.yaml loaded successfully]
[2023-07-31 18:53:58,170: INFO: common: yaml file: params.yaml loaded successfully]
[2023-07-31 18:53:58,173: INFO: common: yaml file: schema.yaml loaded successfully]
[2023-07-31 18:53:58,174: INFO: common: created directory at: artifacts]
[2023-07-31 18:53:58,177: INFO: common: created directory at: artifacts/data_ingestion]
[2023-07-31 18:53:58,177: INFO: data_ingestion: File already exists of size: ~ 23 KB]
[2023-07-31 18:53:58,182: INFO: main: >>>>>> stage Data Ingestion stage completed <<<<<<

x==========x]
